0 verbose cli /Users/tomer/.nvm/versions/node/v18.20.6/bin/node /Users/tomer/.nvm/versions/node/v18.20.6/bin/npm
1 info using npm@10.8.2
2 info using node@v18.20.6
3 silly config load:file:/Users/tomer/.nvm/versions/node/v18.20.6/lib/node_modules/npm/npmrc
4 silly config load:file:/Users/tomer/Documents/Tomer/Yuila/yulia-law-landing/.npmrc
5 silly config load:file:/Users/tomer/.npmrc
6 silly config load:file:/Users/tomer/.nvm/versions/node/v18.20.6/etc/npmrc
7 verbose title npm install husky lint-staged prettier eslint-config-prettier
8 verbose argv "install" "--save-dev" "--cache" "./.npm-cache" "husky" "lint-staged" "prettier" "eslint-config-prettier"
9 verbose logfile logs-max:10 dir:/Users/tomer/Documents/Tomer/Yuila/yulia-law-landing/.npm-cache/_logs/2026-01-12T19_39_34_963Z-
10 verbose logfile /Users/tomer/Documents/Tomer/Yuila/yulia-law-landing/.npm-cache/_logs/2026-01-12T19_39_34_963Z-debug-0.log
11 silly packumentCache heap:4345298944 maxSize:1086324736 maxEntrySize:543162368
12 silly logfile done cleaning log files
13 silly idealTree buildDeps
14 silly fetch manifest husky@*
15 silly packumentCache full:https://registry.npmjs.org/husky cache-miss
16 http fetch GET 200 https://registry.npmjs.org/husky 91ms (cache miss)
17 silly packumentCache full:https://registry.npmjs.org/husky set size:undefined disposed:false
18 silly fetch manifest lint-staged@*
19 silly packumentCache full:https://registry.npmjs.org/lint-staged cache-miss
20 http fetch GET 200 https://registry.npmjs.org/npm 189ms
21 http fetch GET 200 https://registry.npmjs.org/lint-staged 37ms (cache miss)
22 silly packumentCache full:https://registry.npmjs.org/lint-staged set size:undefined disposed:false
23 silly fetch manifest prettier@*
24 silly packumentCache full:https://registry.npmjs.org/prettier cache-miss
25 http fetch GET 200 https://registry.npmjs.org/prettier 45ms (cache miss)
26 silly packumentCache full:https://registry.npmjs.org/prettier set size:undefined disposed:false
27 silly fetch manifest eslint-config-prettier@*
28 silly packumentCache full:https://registry.npmjs.org/eslint-config-prettier cache-miss
29 http fetch GET 200 https://registry.npmjs.org/eslint-config-prettier 235ms (cache miss)
30 silly packumentCache full:https://registry.npmjs.org/eslint-config-prettier set size:undefined disposed:false
31 silly fetch manifest eslint@^9
32 silly packumentCache full:https://registry.npmjs.org/eslint cache-miss
33 http fetch GET 200 https://registry.npmjs.org/eslint 52ms (cache miss)
34 silly packumentCache full:https://registry.npmjs.org/eslint set size:undefined disposed:false
35 silly fetch manifest jiti@*
36 silly packumentCache full:https://registry.npmjs.org/jiti cache-miss
37 http fetch GET 200 https://registry.npmjs.org/jiti 31ms (cache miss)
38 silly packumentCache full:https://registry.npmjs.org/jiti set size:undefined disposed:false
39 silly placeDep ROOT eslint-config-prettier@10.1.8 OK for: yulia-law-landing@0.1.0 want: *
40 silly placeDep ROOT husky@9.1.7 OK for: yulia-law-landing@0.1.0 want: *
41 silly placeDep ROOT lint-staged@15.5.2 OK for: yulia-law-landing@0.1.0 want: *
42 silly placeDep ROOT prettier@3.7.4 OK for: yulia-law-landing@0.1.0 want: *
43 silly fetch manifest yaml@^2.7.0
44 silly packumentCache full:https://registry.npmjs.org/yaml cache-miss
45 silly fetch manifest chalk@^5.4.1
46 silly packumentCache full:https://registry.npmjs.org/chalk cache-miss
47 silly fetch manifest execa@^8.0.1
48 silly packumentCache full:https://registry.npmjs.org/execa cache-miss
49 silly fetch manifest listr2@^8.2.5
50 silly packumentCache full:https://registry.npmjs.org/listr2 cache-miss
51 silly fetch manifest pidtree@^0.6.0
52 silly packumentCache full:https://registry.npmjs.org/pidtree cache-miss
53 silly fetch manifest commander@^13.1.0
54 silly packumentCache full:https://registry.npmjs.org/commander cache-miss
55 silly fetch manifest lilconfig@^3.1.3
56 silly packumentCache full:https://registry.npmjs.org/lilconfig cache-miss
57 silly fetch manifest string-argv@^0.3.2
58 silly packumentCache full:https://registry.npmjs.org/string-argv cache-miss
59 http fetch GET 200 https://registry.npmjs.org/chalk 38ms (cache miss)
60 silly packumentCache full:https://registry.npmjs.org/chalk set size:undefined disposed:false
61 http fetch GET 200 https://registry.npmjs.org/yaml 47ms (cache miss)
62 silly packumentCache full:https://registry.npmjs.org/yaml set size:undefined disposed:false
63 http fetch GET 200 https://registry.npmjs.org/execa 66ms (cache miss)
64 silly packumentCache full:https://registry.npmjs.org/execa set size:undefined disposed:false
65 http fetch GET 200 https://registry.npmjs.org/pidtree 72ms (cache miss)
66 silly packumentCache full:https://registry.npmjs.org/pidtree set size:undefined disposed:false
67 http fetch GET 200 https://registry.npmjs.org/string-argv 84ms (cache miss)
68 silly packumentCache full:https://registry.npmjs.org/string-argv set size:undefined disposed:false
69 http fetch GET 200 https://registry.npmjs.org/commander 87ms (cache miss)
70 silly packumentCache full:https://registry.npmjs.org/commander set size:undefined disposed:false
71 http fetch GET 200 https://registry.npmjs.org/lilconfig 93ms (cache miss)
72 silly packumentCache full:https://registry.npmjs.org/lilconfig set size:undefined disposed:false
73 http fetch GET 200 https://registry.npmjs.org/listr2 99ms (cache miss)
74 silly packumentCache full:https://registry.npmjs.org/listr2 set size:undefined disposed:false
75 silly placeDep node_modules/lint-staged chalk@5.6.2 OK for: lint-staged@15.5.2 want: ^5.4.1
76 silly placeDep ROOT commander@13.1.0 OK for: lint-staged@15.5.2 want: ^13.1.0
77 silly placeDep ROOT execa@8.0.1 OK for: lint-staged@15.5.2 want: ^8.0.1
78 silly placeDep ROOT lilconfig@3.1.3 OK for: lint-staged@15.5.2 want: ^3.1.3
79 silly placeDep ROOT listr2@8.3.3 OK for: lint-staged@15.5.2 want: ^8.2.5
80 silly placeDep ROOT pidtree@0.6.0 OK for: lint-staged@15.5.2 want: ^0.6.0
81 silly placeDep ROOT string-argv@0.3.2 OK for: lint-staged@15.5.2 want: ^0.3.2
82 silly placeDep ROOT yaml@2.8.2 OK for: lint-staged@15.5.2 want: ^2.7.0
83 silly fetch manifest onetime@^6.0.0
84 silly packumentCache full:https://registry.npmjs.org/onetime cache-miss
85 silly fetch manifest is-stream@^3.0.0
86 silly packumentCache full:https://registry.npmjs.org/is-stream cache-miss
87 silly fetch manifest get-stream@^8.0.1
88 silly packumentCache full:https://registry.npmjs.org/get-stream cache-miss
89 silly fetch manifest signal-exit@^4.1.0
90 silly packumentCache full:https://registry.npmjs.org/signal-exit cache-miss
91 silly fetch manifest merge-stream@^2.0.0
92 silly packumentCache full:https://registry.npmjs.org/merge-stream cache-miss
93 silly fetch manifest npm-run-path@^5.1.0
94 silly packumentCache full:https://registry.npmjs.org/npm-run-path cache-miss
95 silly fetch manifest human-signals@^5.0.0
96 silly packumentCache full:https://registry.npmjs.org/human-signals cache-miss
97 silly fetch manifest strip-final-newline@^3.0.0
98 silly packumentCache full:https://registry.npmjs.org/strip-final-newline cache-miss
99 silly fetch manifest rfdc@^1.4.1
100 silly packumentCache full:https://registry.npmjs.org/rfdc cache-miss
101 silly fetch manifest colorette@^2.0.20
102 silly packumentCache full:https://registry.npmjs.org/colorette cache-miss
103 http fetch GET 200 https://registry.npmjs.org/onetime 35ms (cache miss)
104 silly packumentCache full:https://registry.npmjs.org/onetime set size:undefined disposed:false
105 silly fetch manifest wrap-ansi@^9.0.0
106 silly packumentCache full:https://registry.npmjs.org/wrap-ansi cache-miss
107 http fetch GET 200 https://registry.npmjs.org/npm-run-path 39ms (cache miss)
108 silly packumentCache full:https://registry.npmjs.org/npm-run-path set size:undefined disposed:false
109 silly fetch manifest log-update@^6.1.0
110 silly packumentCache full:https://registry.npmjs.org/log-update cache-miss
111 http fetch GET 200 https://registry.npmjs.org/strip-final-newline 41ms (cache miss)
112 silly packumentCache full:https://registry.npmjs.org/strip-final-newline set size:undefined disposed:false
113 silly fetch manifest cli-truncate@^4.0.0
114 silly packumentCache full:https://registry.npmjs.org/cli-truncate cache-miss
115 http fetch GET 200 https://registry.npmjs.org/signal-exit 44ms (cache miss)
116 silly packumentCache full:https://registry.npmjs.org/signal-exit set size:undefined disposed:false
117 silly fetch manifest eventemitter3@^5.0.1
118 silly packumentCache full:https://registry.npmjs.org/eventemitter3 cache-miss
119 http fetch GET 200 https://registry.npmjs.org/human-signals 46ms (cache miss)
120 silly packumentCache full:https://registry.npmjs.org/human-signals set size:undefined disposed:false
121 http fetch GET 200 https://registry.npmjs.org/merge-stream 46ms (cache miss)
122 silly packumentCache full:https://registry.npmjs.org/merge-stream set size:undefined disposed:false
123 http fetch GET 200 https://registry.npmjs.org/is-stream 48ms (cache miss)
124 silly packumentCache full:https://registry.npmjs.org/is-stream set size:undefined disposed:false
125 http fetch GET 200 https://registry.npmjs.org/cli-truncate 29ms (cache miss)
126 silly packumentCache full:https://registry.npmjs.org/cli-truncate set size:undefined disposed:false
127 http fetch GET 200 https://registry.npmjs.org/wrap-ansi 36ms (cache miss)
128 silly packumentCache full:https://registry.npmjs.org/wrap-ansi set size:undefined disposed:false
129 http fetch GET 200 https://registry.npmjs.org/log-update 33ms (cache miss)
130 silly packumentCache full:https://registry.npmjs.org/log-update set size:undefined disposed:false
131 http fetch GET 200 https://registry.npmjs.org/colorette 80ms (cache miss)
132 silly packumentCache full:https://registry.npmjs.org/colorette set size:undefined disposed:false
133 http fetch GET 200 https://registry.npmjs.org/rfdc 84ms (cache miss)
134 silly packumentCache full:https://registry.npmjs.org/rfdc set size:undefined disposed:false
135 http fetch GET 200 https://registry.npmjs.org/eventemitter3 66ms (cache miss)
136 silly packumentCache full:https://registry.npmjs.org/eventemitter3 set size:undefined disposed:false
137 http fetch GET 200 https://registry.npmjs.org/get-stream 240ms (cache miss)
138 silly packumentCache full:https://registry.npmjs.org/get-stream set size:undefined disposed:false
139 silly placeDep ROOT get-stream@8.0.1 OK for: execa@8.0.1 want: ^8.0.1
140 silly placeDep ROOT human-signals@5.0.0 OK for: execa@8.0.1 want: ^5.0.0
141 silly placeDep ROOT is-stream@3.0.0 OK for: execa@8.0.1 want: ^3.0.0
142 silly placeDep ROOT merge-stream@2.0.0 OK for: execa@8.0.1 want: ^2.0.0
143 silly placeDep ROOT npm-run-path@5.3.0 OK for: execa@8.0.1 want: ^5.1.0
144 silly placeDep ROOT onetime@6.0.0 OK for: execa@8.0.1 want: ^6.0.0
145 silly placeDep ROOT signal-exit@4.1.0 OK for: execa@8.0.1 want: ^4.1.0
146 silly placeDep ROOT strip-final-newline@3.0.0 OK for: execa@8.0.1 want: ^3.0.0
147 silly fetch manifest path-key@^4.0.0
148 silly packumentCache full:https://registry.npmjs.org/path-key cache-miss
149 silly fetch manifest mimic-fn@^4.0.0
150 silly packumentCache full:https://registry.npmjs.org/mimic-fn cache-miss
151 http fetch GET 200 https://registry.npmjs.org/path-key 41ms (cache miss)
152 silly packumentCache full:https://registry.npmjs.org/path-key set size:undefined disposed:false
153 http fetch GET 200 https://registry.npmjs.org/mimic-fn 42ms (cache miss)
154 silly packumentCache full:https://registry.npmjs.org/mimic-fn set size:undefined disposed:false
155 silly placeDep ROOT cli-truncate@4.0.0 OK for: listr2@8.3.3 want: ^4.0.0
156 silly placeDep ROOT colorette@2.0.20 OK for: listr2@8.3.3 want: ^2.0.20
157 silly placeDep ROOT eventemitter3@5.0.1 OK for: listr2@8.3.3 want: ^5.0.1
158 silly placeDep ROOT log-update@6.1.0 OK for: listr2@8.3.3 want: ^6.1.0
159 silly placeDep ROOT rfdc@1.4.1 OK for: listr2@8.3.3 want: ^1.4.1
160 silly placeDep ROOT wrap-ansi@9.0.2 OK for: listr2@8.3.3 want: ^9.0.0
161 silly fetch manifest slice-ansi@^5.0.0
162 silly packumentCache full:https://registry.npmjs.org/slice-ansi cache-miss
163 silly fetch manifest string-width@^7.0.0
164 silly packumentCache full:https://registry.npmjs.org/string-width cache-miss
165 silly fetch manifest cli-cursor@^5.0.0
166 silly packumentCache full:https://registry.npmjs.org/cli-cursor cache-miss
167 silly fetch manifest slice-ansi@^7.1.0
168 silly packumentCache full:https://registry.npmjs.org/slice-ansi cache-miss
169 silly fetch manifest strip-ansi@^7.1.0
170 silly packumentCache full:https://registry.npmjs.org/strip-ansi cache-miss
171 silly fetch manifest ansi-escapes@^7.0.0
172 silly packumentCache full:https://registry.npmjs.org/ansi-escapes cache-miss
173 silly fetch manifest strip-ansi@^7.1.0
174 silly packumentCache full:https://registry.npmjs.org/strip-ansi cache-miss
175 silly fetch manifest ansi-styles@^6.2.1
176 silly packumentCache full:https://registry.npmjs.org/ansi-styles cache-miss
177 silly fetch manifest string-width@^7.0.0
178 silly packumentCache full:https://registry.npmjs.org/string-width cache-miss
179 http fetch GET 200 https://registry.npmjs.org/slice-ansi 38ms (cache miss)
180 silly packumentCache full:https://registry.npmjs.org/slice-ansi set size:undefined disposed:false
181 http fetch GET 200 https://registry.npmjs.org/slice-ansi 39ms (cache miss)
182 silly packumentCache full:https://registry.npmjs.org/slice-ansi set size:undefined disposed:false
183 http fetch GET 200 https://registry.npmjs.org/ansi-styles 37ms (cache miss)
184 silly packumentCache full:https://registry.npmjs.org/ansi-styles set size:undefined disposed:false
185 http fetch GET 200 https://registry.npmjs.org/strip-ansi 41ms (cache miss)
186 silly packumentCache full:https://registry.npmjs.org/strip-ansi set size:undefined disposed:false
187 http fetch GET 200 https://registry.npmjs.org/string-width 43ms (cache miss)
188 silly packumentCache full:https://registry.npmjs.org/string-width set size:undefined disposed:false
189 http fetch GET 200 https://registry.npmjs.org/strip-ansi 43ms (cache miss)
190 silly packumentCache full:https://registry.npmjs.org/strip-ansi set size:undefined disposed:false
191 http fetch GET 200 https://registry.npmjs.org/string-width 43ms (cache miss)
192 silly packumentCache full:https://registry.npmjs.org/string-width set size:undefined disposed:false
193 http fetch GET 200 https://registry.npmjs.org/cli-cursor 46ms (cache miss)
194 silly packumentCache full:https://registry.npmjs.org/cli-cursor set size:undefined disposed:false
195 http fetch GET 200 https://registry.npmjs.org/ansi-escapes 46ms (cache miss)
196 silly packumentCache full:https://registry.npmjs.org/ansi-escapes set size:undefined disposed:false
197 silly placeDep ROOT slice-ansi@5.0.0 OK for: cli-truncate@4.0.0 want: ^5.0.0
198 silly placeDep ROOT string-width@7.2.0 OK for: cli-truncate@4.0.0 want: ^7.0.0
199 silly fetch manifest ansi-styles@^6.0.0
200 silly packumentCache full:https://registry.npmjs.org/ansi-styles cache-miss
201 silly fetch manifest is-fullwidth-code-point@^4.0.0
202 silly packumentCache full:https://registry.npmjs.org/is-fullwidth-code-point cache-miss
203 silly fetch manifest emoji-regex@^10.3.0
204 silly packumentCache full:https://registry.npmjs.org/emoji-regex cache-miss
205 silly fetch manifest get-east-asian-width@^1.0.0
206 silly packumentCache full:https://registry.npmjs.org/get-east-asian-width cache-miss
207 http fetch GET 200 https://registry.npmjs.org/ansi-styles 5ms (cache hit)
208 silly packumentCache full:https://registry.npmjs.org/ansi-styles set size:63233 disposed:false
209 http fetch GET 200 https://registry.npmjs.org/is-fullwidth-code-point 31ms (cache miss)
210 silly packumentCache full:https://registry.npmjs.org/is-fullwidth-code-point set size:undefined disposed:false
211 http fetch GET 200 https://registry.npmjs.org/get-east-asian-width 37ms (cache miss)
212 silly packumentCache full:https://registry.npmjs.org/get-east-asian-width set size:undefined disposed:false
213 http fetch GET 200 https://registry.npmjs.org/emoji-regex 236ms (cache miss)
214 silly packumentCache full:https://registry.npmjs.org/emoji-regex set size:undefined disposed:false
215 silly placeDep ROOT ansi-escapes@7.2.0 OK for: log-update@6.1.0 want: ^7.0.0
216 silly placeDep ROOT cli-cursor@5.0.0 OK for: log-update@6.1.0 want: ^5.0.0
217 silly placeDep node_modules/log-update slice-ansi@7.1.2 OK for: log-update@6.1.0 want: ^7.1.0
218 silly placeDep ROOT strip-ansi@7.1.2 OK for: log-update@6.1.0 want: ^7.1.0
219 silly fetch manifest environment@^1.0.0
220 silly packumentCache full:https://registry.npmjs.org/environment cache-miss
221 silly fetch manifest restore-cursor@^5.0.0
222 silly packumentCache full:https://registry.npmjs.org/restore-cursor cache-miss
223 silly fetch manifest is-fullwidth-code-point@^5.0.0
224 silly packumentCache full:https://registry.npmjs.org/is-fullwidth-code-point cache-miss
225 silly fetch manifest ansi-regex@^6.0.1
226 silly packumentCache full:https://registry.npmjs.org/ansi-regex cache-miss
227 http fetch GET 200 https://registry.npmjs.org/is-fullwidth-code-point 4ms (cache hit)
228 silly packumentCache full:https://registry.npmjs.org/is-fullwidth-code-point set size:14578 disposed:false
229 http fetch GET 200 https://registry.npmjs.org/restore-cursor 34ms (cache miss)
230 silly packumentCache full:https://registry.npmjs.org/restore-cursor set size:undefined disposed:false
231 http fetch GET 200 https://registry.npmjs.org/ansi-regex 34ms (cache miss)
232 silly packumentCache full:https://registry.npmjs.org/ansi-regex set size:undefined disposed:false
233 http fetch GET 200 https://registry.npmjs.org/environment 38ms (cache miss)
234 silly packumentCache full:https://registry.npmjs.org/environment set size:undefined disposed:false
235 silly placeDep ROOT environment@1.1.0 OK for: ansi-escapes@7.2.0 want: ^1.0.0
236 silly placeDep ROOT restore-cursor@5.1.0 OK for: cli-cursor@5.0.0 want: ^5.0.0
237 silly fetch manifest onetime@^7.0.0
238 silly packumentCache full:https://registry.npmjs.org/onetime cache-miss
239 http fetch GET 200 https://registry.npmjs.org/onetime 2ms (cache hit)
240 silly packumentCache full:https://registry.npmjs.org/onetime set size:30525 disposed:false
241 silly placeDep node_modules/npm-run-path path-key@4.0.0 OK for: npm-run-path@5.3.0 want: ^4.0.0
242 silly placeDep ROOT mimic-fn@4.0.0 OK for: onetime@6.0.0 want: ^4.0.0
243 silly placeDep node_modules/restore-cursor onetime@7.0.0 OK for: restore-cursor@5.1.0 want: ^7.0.0
244 silly fetch manifest mimic-function@^5.0.0
245 silly packumentCache full:https://registry.npmjs.org/mimic-function cache-miss
246 http fetch GET 200 https://registry.npmjs.org/mimic-function 32ms (cache miss)
247 silly packumentCache full:https://registry.npmjs.org/mimic-function set size:undefined disposed:false
248 silly placeDep node_modules/slice-ansi ansi-styles@6.2.3 OK for: slice-ansi@5.0.0 want: ^6.0.0
249 silly placeDep ROOT is-fullwidth-code-point@4.0.0 OK for: slice-ansi@5.0.0 want: ^4.0.0
250 silly placeDep node_modules/string-width emoji-regex@10.6.0 OK for: string-width@7.2.0 want: ^10.3.0
251 silly placeDep ROOT get-east-asian-width@1.4.0 OK for: string-width@7.2.0 want: ^1.0.0
252 silly placeDep ROOT ansi-regex@6.2.2 OK for: strip-ansi@7.1.2 want: ^6.0.1
253 silly placeDep node_modules/wrap-ansi ansi-styles@6.2.3 OK for: wrap-ansi@9.0.2 want: ^6.2.1
254 silly placeDep node_modules/log-update ansi-styles@6.2.3 OK for: slice-ansi@7.1.2 want: ^6.2.1
255 silly placeDep node_modules/log-update is-fullwidth-code-point@5.1.0 OK for: slice-ansi@7.1.2 want: ^5.0.0
256 silly placeDep ROOT mimic-function@5.0.1 OK for: onetime@7.0.0 want: ^5.0.0
257 warn EBADENGINE Unsupported engine {
257 warn EBADENGINE   package: 'next@16.1.1',
257 warn EBADENGINE   required: { node: '>=20.9.0' },
257 warn EBADENGINE   current: { node: 'v18.20.6', npm: '10.8.2' }
257 warn EBADENGINE }
258 silly reify moves {}
259 verbose reify failed optional dependency /Users/tomer/Documents/Tomer/Yuila/yulia-law-landing/node_modules/@tailwindcss/oxide-wasm32-wasi
260 silly reify mark deleted [
260 silly reify   '/Users/tomer/Documents/Tomer/Yuila/yulia-law-landing/node_modules/@tailwindcss/oxide-wasm32-wasi'
260 silly reify ]
261 silly audit bulk request {
261 silly audit   '@alloc/quick-lru': [ '5.2.0' ],
261 silly audit   '@babel/code-frame': [ '7.28.6' ],
261 silly audit   '@babel/compat-data': [ '7.28.6' ],
261 silly audit   '@babel/core': [ '7.28.6' ],
261 silly audit   '@babel/generator': [ '7.28.6' ],
261 silly audit   '@babel/helper-compilation-targets': [ '7.28.6' ],
261 silly audit   '@babel/helper-globals': [ '7.28.0' ],
261 silly audit   '@babel/helper-module-imports': [ '7.28.6' ],
261 silly audit   '@babel/helper-module-transforms': [ '7.28.6' ],
261 silly audit   '@babel/helper-string-parser': [ '7.27.1' ],
261 silly audit   '@babel/helper-validator-identifier': [ '7.28.5' ],
261 silly audit   '@babel/helper-validator-option': [ '7.27.1' ],
261 silly audit   '@babel/helpers': [ '7.28.6' ],
261 silly audit   '@babel/parser': [ '7.28.6' ],
261 silly audit   '@babel/template': [ '7.28.6' ],
261 silly audit   '@babel/traverse': [ '7.28.6' ],
261 silly audit   '@babel/types': [ '7.28.6' ],
261 silly audit   '@emnapi/core': [ '1.8.1' ],
261 silly audit   '@emnapi/runtime': [ '1.8.1' ],
261 silly audit   '@emnapi/wasi-threads': [ '1.1.0' ],
261 silly audit   '@eslint-community/eslint-utils': [ '4.9.1' ],
261 silly audit   'eslint-visitor-keys': [ '3.4.3', '4.2.1' ],
261 silly audit   '@eslint-community/regexpp': [ '4.12.2' ],
261 silly audit   '@eslint/config-array': [ '0.21.1' ],
261 silly audit   '@eslint/config-helpers': [ '0.4.2' ],
261 silly audit   '@eslint/core': [ '0.17.0' ],
261 silly audit   '@eslint/eslintrc': [ '3.3.3' ],
261 silly audit   '@eslint/js': [ '9.39.2' ],
261 silly audit   '@eslint/object-schema': [ '2.1.7' ],
261 silly audit   '@eslint/plugin-kit': [ '0.4.1' ],
261 silly audit   '@hookform/resolvers': [ '5.2.2' ],
261 silly audit   '@humanfs/core': [ '0.19.1' ],
261 silly audit   '@humanfs/node': [ '0.16.7' ],
261 silly audit   '@humanwhocodes/module-importer': [ '1.0.1' ],
261 silly audit   '@humanwhocodes/retry': [ '0.4.3' ],
261 silly audit   '@img/colour': [ '1.0.0' ],
261 silly audit   '@img/sharp-darwin-arm64': [ '0.34.5' ],
261 silly audit   '@img/sharp-darwin-x64': [ '0.34.5' ],
261 silly audit   '@img/sharp-libvips-darwin-arm64': [ '1.2.4' ],
261 silly audit   '@img/sharp-libvips-darwin-x64': [ '1.2.4' ],
261 silly audit   '@img/sharp-libvips-linux-arm': [ '1.2.4' ],
261 silly audit   '@img/sharp-libvips-linux-arm64': [ '1.2.4' ],
261 silly audit   '@img/sharp-libvips-linux-ppc64': [ '1.2.4' ],
261 silly audit   '@img/sharp-libvips-linux-riscv64': [ '1.2.4' ],
261 silly audit   '@img/sharp-libvips-linux-s390x': [ '1.2.4' ],
261 silly audit   '@img/sharp-libvips-linux-x64': [ '1.2.4' ],
261 silly audit   '@img/sharp-libvips-linuxmusl-arm64': [ '1.2.4' ],
261 silly audit   '@img/sharp-libvips-linuxmusl-x64': [ '1.2.4' ],
261 silly audit   '@img/sharp-linux-arm': [ '0.34.5' ],
261 silly audit   '@img/sharp-linux-arm64': [ '0.34.5' ],
261 silly audit   '@img/sharp-linux-ppc64': [ '0.34.5' ],
261 silly audit   '@img/sharp-linux-riscv64': [ '0.34.5' ],
261 silly audit   '@img/sharp-linux-s390x': [ '0.34.5' ],
261 silly audit   '@img/sharp-linux-x64': [ '0.34.5' ],
261 silly audit   '@img/sharp-linuxmusl-arm64': [ '0.34.5' ],
261 silly audit   '@img/sharp-linuxmusl-x64': [ '0.34.5' ],
261 silly audit   '@img/sharp-wasm32': [ '0.34.5' ],
261 silly audit   '@img/sharp-win32-arm64': [ '0.34.5' ],
261 silly audit   '@img/sharp-win32-ia32': [ '0.34.5' ],
261 silly audit   '@img/sharp-win32-x64': [ '0.34.5' ],
261 silly audit   '@jridgewell/gen-mapping': [ '0.3.13' ],
261 silly audit   '@jridgewell/remapping': [ '2.3.5' ],
261 silly audit   '@jridgewell/resolve-uri': [ '3.1.2' ],
261 silly audit   '@jridgewell/sourcemap-codec': [ '1.5.5' ],
261 silly audit   '@jridgewell/trace-mapping': [ '0.3.31' ],
261 silly audit   '@napi-rs/wasm-runtime': [ '0.2.12' ],
261 silly audit   '@next/env': [ '16.1.1' ],
261 silly audit   '@next/eslint-plugin-next': [ '16.1.1' ],
261 silly audit   '@next/swc-darwin-arm64': [ '16.1.1' ],
261 silly audit   '@next/swc-darwin-x64': [ '16.1.1' ],
261 silly audit   '@next/swc-linux-arm64-gnu': [ '16.1.1' ],
261 silly audit   '@next/swc-linux-arm64-musl': [ '16.1.1' ],
261 silly audit   '@next/swc-linux-x64-gnu': [ '16.1.1' ],
261 silly audit   '@next/swc-linux-x64-musl': [ '16.1.1' ],
261 silly audit   '@next/swc-win32-arm64-msvc': [ '16.1.1' ],
261 silly audit   '@next/swc-win32-x64-msvc': [ '16.1.1' ],
261 silly audit   '@nodelib/fs.scandir': [ '2.1.5' ],
261 silly audit   '@nodelib/fs.stat': [ '2.0.5' ],
261 silly audit   '@nodelib/fs.walk': [ '1.2.8' ],
261 silly audit   '@nolyfill/is-core-module': [ '1.0.39' ],
261 silly audit   '@rtsao/scc': [ '1.1.0' ],
261 silly audit   '@standard-schema/utils': [ '0.3.0' ],
261 silly audit   '@swc/helpers': [ '0.5.15' ],
261 silly audit   '@tailwindcss/node': [ '4.1.18' ],
261 silly audit   '@tailwindcss/oxide': [ '4.1.18' ],
261 silly audit   '@tailwindcss/oxide-android-arm64': [ '4.1.18' ],
261 silly audit   '@tailwindcss/oxide-darwin-arm64': [ '4.1.18' ],
261 silly audit   '@tailwindcss/oxide-darwin-x64': [ '4.1.18' ],
261 silly audit   '@tailwindcss/oxide-freebsd-x64': [ '4.1.18' ],
261 silly audit   '@tailwindcss/oxide-linux-arm-gnueabihf': [ '4.1.18' ],
261 silly audit   '@tailwindcss/oxide-linux-arm64-gnu': [ '4.1.18' ],
261 silly audit   '@tailwindcss/oxide-linux-arm64-musl': [ '4.1.18' ],
261 silly audit   '@tailwindcss/oxide-linux-x64-gnu': [ '4.1.18' ],
261 silly audit   '@tailwindcss/oxide-linux-x64-musl': [ '4.1.18' ],
261 silly audit   '@tailwindcss/oxide-win32-arm64-msvc': [ '4.1.18' ],
261 silly audit   '@tailwindcss/oxide-win32-x64-msvc': [ '4.1.18' ],
261 silly audit   '@tailwindcss/postcss': [ '4.1.18' ],
261 silly audit   '@tybys/wasm-util': [ '0.10.1' ],
261 silly audit   '@types/estree': [ '1.0.8' ],
261 silly audit   '@types/json-schema': [ '7.0.15' ],
261 silly audit   '@types/json5': [ '0.0.29' ],
261 silly audit   '@types/node': [ '20.19.28' ],
261 silly audit   '@types/react': [ '19.2.8' ],
261 silly audit   '@types/react-dom': [ '19.2.3' ],
261 silly audit   '@typescript-eslint/eslint-plugin': [ '8.53.0' ],
261 silly audit   ignore: [ '7.0.5', '5.3.2' ],
261 silly audit   '@typescript-eslint/parser': [ '8.53.0' ],
261 silly audit   '@typescript-eslint/project-service': [ '8.53.0' ],
261 silly audit   '@typescript-eslint/scope-manager': [ '8.53.0' ],
261 silly audit   '@typescript-eslint/tsconfig-utils': [ '8.53.0' ],
261 silly audit   '@typescript-eslint/type-utils': [ '8.53.0' ],
261 silly audit   '@typescript-eslint/types': [ '8.53.0' ],
261 silly audit   '@typescript-eslint/typescript-estree': [ '8.53.0' ],
261 silly audit   'brace-expansion': [ '2.0.2', '1.1.12' ],
261 silly audit   minimatch: [ '9.0.5', '3.1.2' ],
261 silly audit   semver: [ '7.7.3', '6.3.1' ],
261 silly audit   '@typescript-eslint/utils': [ '8.53.0' ],
261 silly audit   '@typescript-eslint/visitor-keys': [ '8.53.0' ],
261 silly audit   '@unrs/resolver-binding-android-arm-eabi': [ '1.11.1' ],
261 silly audit   '@unrs/resolver-binding-android-arm64': [ '1.11.1' ],
261 silly audit   '@unrs/resolver-binding-darwin-arm64': [ '1.11.1' ],
261 silly audit   '@unrs/resolver-binding-darwin-x64': [ '1.11.1' ],
261 silly audit   '@unrs/resolver-binding-freebsd-x64': [ '1.11.1' ],
261 silly audit   '@unrs/resolver-binding-linux-arm-gnueabihf': [ '1.11.1' ],
261 silly audit   '@unrs/resolver-binding-linux-arm-musleabihf': [ '1.11.1' ],
261 silly audit   '@unrs/resolver-binding-linux-arm64-gnu': [ '1.11.1' ],
261 silly audit   '@unrs/resolver-binding-linux-arm64-musl': [ '1.11.1' ],
261 silly audit   '@unrs/resolver-binding-linux-ppc64-gnu': [ '1.11.1' ],
261 silly audit   '@unrs/resolver-binding-linux-riscv64-gnu': [ '1.11.1' ],
261 silly audit   '@unrs/resolver-binding-linux-riscv64-musl': [ '1.11.1' ],
261 silly audit   '@unrs/resolver-binding-linux-s390x-gnu': [ '1.11.1' ],
261 silly audit   '@unrs/resolver-binding-linux-x64-gnu': [ '1.11.1' ],
261 silly audit   '@unrs/resolver-binding-linux-x64-musl': [ '1.11.1' ],
261 silly audit   '@unrs/resolver-binding-wasm32-wasi': [ '1.11.1' ],
261 silly audit   '@unrs/resolver-binding-win32-arm64-msvc': [ '1.11.1' ],
261 silly audit   '@unrs/resolver-binding-win32-ia32-msvc': [ '1.11.1' ],
261 silly audit   '@unrs/resolver-binding-win32-x64-msvc': [ '1.11.1' ],
261 silly audit   acorn: [ '8.15.0' ],
261 silly audit   'acorn-jsx': [ '5.3.2' ],
261 silly audit   ajv: [ '6.12.6' ],
261 silly audit   'ansi-styles': [ '4.3.0', '6.2.3' ],
261 silly audit   argparse: [ '2.0.1' ],
261 silly audit   'aria-query': [ '5.3.2' ],
261 silly audit   'array-buffer-byte-length': [ '1.0.2' ],
261 silly audit   'array-includes': [ '3.1.9' ],
261 silly audit   'array.prototype.findlast': [ '1.2.5' ],
261 silly audit   'array.prototype.findlastindex': [ '1.2.6' ],
261 silly audit   'array.prototype.flat': [ '1.3.3' ],
261 silly audit   'array.prototype.flatmap': [ '1.3.3' ],
261 silly audit   'array.prototype.tosorted': [ '1.1.4' ],
261 silly audit   'arraybuffer.prototype.slice': [ '1.0.4' ],
261 silly audit   'ast-types-flow': [ '0.0.8' ],
261 silly audit   'async-function': [ '1.0.0' ],
261 silly audit   'available-typed-arrays': [ '1.0.7' ],
261 silly audit   'axe-core': [ '4.11.1' ],
261 silly audit   'axobject-query': [ '4.1.0' ],
261 silly audit   'balanced-match': [ '1.0.2' ],
261 silly audit   'baseline-browser-mapping': [ '2.9.14' ],
261 silly audit   braces: [ '3.0.3' ],
261 silly audit   browserslist: [ '4.28.1' ],
261 silly audit   'call-bind': [ '1.0.8' ],
261 silly audit   'call-bind-apply-helpers': [ '1.0.2' ],
261 silly audit   'call-bound': [ '1.0.4' ],
261 silly audit   callsites: [ '3.1.0' ],
261 silly audit   'caniuse-lite': [ '1.0.30001764' ],
261 silly audit   chalk: [ '4.1.2', '5.6.2' ],
261 silly audit   'client-only': [ '0.0.1' ],
261 silly audit   clsx: [ '2.1.1' ],
261 silly audit   'color-convert': [ '2.0.1' ],
261 silly audit   'color-name': [ '1.1.4' ],
261 silly audit   'concat-map': [ '0.0.1' ],
261 silly audit   'convert-source-map': [ '2.0.0' ],
261 silly audit   'cross-spawn': [ '7.0.6' ],
261 silly audit   csstype: [ '3.2.3' ],
261 silly audit   'damerau-levenshtein': [ '1.0.8' ],
261 silly audit   'data-view-buffer': [ '1.0.2' ],
261 silly audit   'data-view-byte-length': [ '1.0.2' ],
261 silly audit   'data-view-byte-offset': [ '1.0.1' ],
261 silly audit   debug: [ '4.4.3', '3.2.7' ],
261 silly audit   'deep-is': [ '0.1.4' ],
261 silly audit   'define-data-property': [ '1.1.4' ],
261 silly audit   'define-properties': [ '1.2.1' ],
261 silly audit   'detect-libc': [ '2.1.2' ],
261 silly audit   doctrine: [ '2.1.0' ],
261 silly audit   'dunder-proto': [ '1.0.1' ],
261 silly audit   'electron-to-chromium': [ '1.5.267' ],
261 silly audit   'emoji-regex': [ '9.2.2', '10.6.0' ],
261 silly audit   'enhanced-resolve': [ '5.18.4' ],
261 silly audit   'es-abstract': [ '1.24.1' ],
261 silly audit   'es-define-property': [ '1.0.1' ],
261 silly audit   'es-errors': [ '1.3.0' ],
261 silly audit   'es-iterator-helpers': [ '1.2.2' ],
261 silly audit   'es-object-atoms': [ '1.1.1' ],
261 silly audit   'es-set-tostringtag': [ '2.1.0' ],
261 silly audit   'es-shim-unscopables': [ '1.1.0' ],
261 silly audit   'es-to-primitive': [ '1.3.0' ],
261 silly audit   escalade: [ '3.2.0' ],
261 silly audit   'escape-string-regexp': [ '4.0.0' ],
261 silly audit   eslint: [ '9.39.2' ],
261 silly audit   'eslint-config-next': [ '16.1.1' ],
261 silly audit   globals: [ '16.4.0', '14.0.0' ],
261 silly audit   'eslint-import-resolver-node': [ '0.3.9' ],
261 silly audit   'eslint-import-resolver-typescript': [ '3.10.1' ],
261 silly audit   'eslint-module-utils': [ '2.12.1' ],
261 silly audit   'eslint-plugin-import': [ '2.32.0' ],
261 silly audit   'eslint-plugin-jsx-a11y': [ '6.10.2' ],
261 silly audit   'eslint-plugin-react': [ '7.37.5' ],
261 silly audit   'eslint-plugin-react-hooks': [ '7.0.1' ],
261 silly audit   resolve: [ '2.0.0-next.5', '1.22.11' ],
261 silly audit   'eslint-scope': [ '8.4.0' ],
261 silly audit   espree: [ '10.4.0' ],
261 silly audit   esquery: [ '1.7.0' ],
261 silly audit   esrecurse: [ '4.3.0' ],
261 silly audit   estraverse: [ '5.3.0' ],
261 silly audit   esutils: [ '2.0.3' ],
261 silly audit   'fast-deep-equal': [ '3.1.3' ],
261 silly audit   'fast-glob': [ '3.3.1' ],
261 silly audit   'glob-parent': [ '5.1.2', '6.0.2' ],
261 silly audit   'fast-json-stable-stringify': [ '2.1.0' ],
261 silly audit   'fast-levenshtein': [ '2.0.6' ],
261 silly audit   fastq: [ '1.20.1' ],
261 silly audit   'file-entry-cache': [ '8.0.0' ],
261 silly audit   'fill-range': [ '7.1.1' ],
261 silly audit   'find-up': [ '5.0.0' ],
261 silly audit   'flat-cache': [ '4.0.1' ],
261 silly audit   flatted: [ '3.3.3' ],
261 silly audit   'for-each': [ '0.3.5' ],
261 silly audit   'framer-motion': [ '12.26.1' ],
261 silly audit   'function-bind': [ '1.1.2' ],
261 silly audit   'function.prototype.name': [ '1.1.8' ],
261 silly audit   'functions-have-names': [ '1.2.3' ],
261 silly audit   'generator-function': [ '2.0.1' ],
261 silly audit   gensync: [ '1.0.0-beta.2' ],
261 silly audit   'get-intrinsic': [ '1.3.0' ],
261 silly audit   'get-proto': [ '1.0.1' ],
261 silly audit   'get-symbol-description': [ '1.1.0' ],
261 silly audit   'get-tsconfig': [ '4.13.0' ],
261 silly audit   globalthis: [ '1.0.4' ],
261 silly audit   gopd: [ '1.2.0' ],
261 silly audit   'graceful-fs': [ '4.2.11' ],
261 silly audit   'has-bigints': [ '1.1.0' ],
261 silly audit   'has-flag': [ '4.0.0' ],
261 silly audit   'has-property-descriptors': [ '1.0.2' ],
261 silly audit   'has-proto': [ '1.2.0' ],
261 silly audit   'has-symbols': [ '1.1.0' ],
261 silly audit   'has-tostringtag': [ '1.0.2' ],
261 silly audit   hasown: [ '2.0.2' ],
261 silly audit   'hermes-estree': [ '0.25.1' ],
261 silly audit   'hermes-parser': [ '0.25.1' ],
261 silly audit   'import-fresh': [ '3.3.1' ],
261 silly audit   imurmurhash: [ '0.1.4' ],
261 silly audit   'internal-slot': [ '1.1.0' ],
261 silly audit   'is-array-buffer': [ '3.0.5' ],
261 silly audit   'is-async-function': [ '2.1.1' ],
261 silly audit   'is-bigint': [ '1.1.0' ],
261 silly audit   'is-boolean-object': [ '1.2.2' ],
261 silly audit   'is-bun-module': [ '2.0.0' ],
261 silly audit   'is-callable': [ '1.2.7' ],
261 silly audit   'is-core-module': [ '2.16.1' ],
261 silly audit   'is-data-view': [ '1.0.2' ],
261 silly audit   'is-date-object': [ '1.1.0' ],
261 silly audit   'is-extglob': [ '2.1.1' ],
261 silly audit   'is-finalizationregistry': [ '1.1.1' ],
261 silly audit   'is-generator-function': [ '1.1.2' ],
261 silly audit   'is-glob': [ '4.0.3' ],
261 silly audit   'is-map': [ '2.0.3' ],
261 silly audit   'is-negative-zero': [ '2.0.3' ],
261 silly audit   'is-number': [ '7.0.0' ],
261 silly audit   'is-number-object': [ '1.1.1' ],
261 silly audit   'is-regex': [ '1.2.1' ],
261 silly audit   'is-set': [ '2.0.3' ],
261 silly audit   'is-shared-array-buffer': [ '1.0.4' ],
261 silly audit   'is-string': [ '1.1.1' ],
261 silly audit   'is-symbol': [ '1.1.1' ],
261 silly audit   'is-typed-array': [ '1.1.15' ],
261 silly audit   'is-weakmap': [ '2.0.2' ],
261 silly audit   'is-weakref': [ '1.1.1' ],
261 silly audit   'is-weakset': [ '2.0.4' ],
261 silly audit   isarray: [ '2.0.5' ],
261 silly audit   isexe: [ '2.0.0' ],
261 silly audit   'iterator.prototype': [ '1.1.5' ],
261 silly audit   jiti: [ '2.6.1' ],
261 silly audit   'js-tokens': [ '4.0.0' ],
261 silly audit   'js-yaml': [ '4.1.1' ],
261 silly audit   jsesc: [ '3.1.0' ],
261 silly audit   'json-buffer': [ '3.0.1' ],
261 silly audit   'json-schema-traverse': [ '0.4.1' ],
261 silly audit   'json-stable-stringify-without-jsonify': [ '1.0.1' ],
261 silly audit   json5: [ '2.2.3', '1.0.2' ],
261 silly audit   'jsx-ast-utils': [ '3.3.5' ],
261 silly audit   keyv: [ '4.5.4' ],
261 silly audit   'language-subtag-registry': [ '0.3.23' ],
261 silly audit   'language-tags': [ '1.0.9' ],
261 silly audit   levn: [ '0.4.1' ],
261 silly audit   lightningcss: [ '1.30.2' ],
261 silly audit   'lightningcss-android-arm64': [ '1.30.2' ],
261 silly audit   'lightningcss-darwin-arm64': [ '1.30.2' ],
261 silly audit   'lightningcss-darwin-x64': [ '1.30.2' ],
261 silly audit   'lightningcss-freebsd-x64': [ '1.30.2' ],
261 silly audit   'lightningcss-linux-arm-gnueabihf': [ '1.30.2' ],
261 silly audit   'lightningcss-linux-arm64-gnu': [ '1.30.2' ],
261 silly audit   'lightningcss-linux-arm64-musl': [ '1.30.2' ],
261 silly audit   'lightningcss-linux-x64-gnu': [ '1.30.2' ],
261 silly audit   'lightningcss-linux-x64-musl': [ '1.30.2' ],
261 silly audit   'lightningcss-win32-arm64-msvc': [ '1.30.2' ],
261 silly audit   'lightningcss-win32-x64-msvc': [ '1.30.2' ],
261 silly audit   'locate-path': [ '6.0.0' ],
261 silly audit   'lodash.merge': [ '4.6.2' ],
261 silly audit   'loose-envify': [ '1.4.0' ],
261 silly audit   'lru-cache': [ '5.1.1' ],
261 silly audit   'lucide-react': [ '0.562.0' ],
261 silly audit   'magic-string': [ '0.30.21' ],
261 silly audit   'math-intrinsics': [ '1.1.0' ],
261 silly audit   merge2: [ '1.4.1' ],
261 silly audit   micromatch: [ '4.0.8' ],
261 silly audit   minimist: [ '1.2.8' ],
261 silly audit   'motion-dom': [ '12.24.11' ],
261 silly audit   'motion-utils': [ '12.24.10' ],
261 silly audit   ms: [ '2.1.3' ],
261 silly audit   nanoid: [ '3.3.11' ],
261 silly audit   'napi-postinstall': [ '0.3.4' ],
261 silly audit   'natural-compare': [ '1.4.0' ],
261 silly audit   next: [ '16.1.1' ],
261 silly audit   postcss: [ '8.4.31', '8.5.6' ],
261 silly audit   'node-releases': [ '2.0.27' ],
261 silly audit   'object-assign': [ '4.1.1' ],
261 silly audit   'object-inspect': [ '1.13.4' ],
261 silly audit   'object-keys': [ '1.1.1' ],
261 silly audit   'object.assign': [ '4.1.7' ],
261 silly audit   'object.entries': [ '1.1.9' ],
261 silly audit   'object.fromentries': [ '2.0.8' ],
261 silly audit   'object.groupby': [ '1.0.3' ],
261 silly audit   'object.values': [ '1.2.1' ],
261 silly audit   optionator: [ '0.9.4' ],
261 silly audit   'own-keys': [ '1.0.1' ],
261 silly audit   'p-limit': [ '3.1.0' ],
261 silly audit   'p-locate': [ '5.0.0' ],
261 silly audit   'parent-module': [ '1.0.1' ],
261 silly audit   'path-exists': [ '4.0.0' ],
261 silly audit   'path-key': [ '3.1.1', '4.0.0' ],
261 silly audit   'path-parse': [ '1.0.7' ],
261 silly audit   picocolors: [ '1.1.1' ],
261 silly audit   picomatch: [ '2.3.1', '4.0.3' ],
261 silly audit   'possible-typed-array-names': [ '1.1.0' ],
261 silly audit   'prelude-ls': [ '1.2.1' ],
261 silly audit   'prop-types': [ '15.8.1' ],
261 silly audit   punycode: [ '2.3.1' ],
261 silly audit   'queue-microtask': [ '1.2.3' ],
261 silly audit   react: [ '19.2.3' ],
261 silly audit   'react-dom': [ '19.2.3' ],
261 silly audit   'react-hook-form': [ '7.71.0' ],
261 silly audit   'react-is': [ '16.13.1' ],
261 silly audit   'reflect.getprototypeof': [ '1.0.10' ],
261 silly audit   'regexp.prototype.flags': [ '1.5.4' ],
261 silly audit   'resolve-from': [ '4.0.0' ],
261 silly audit   'resolve-pkg-maps': [ '1.0.0' ],
261 silly audit   reusify: [ '1.1.0' ],
261 silly audit   'run-parallel': [ '1.2.0' ],
261 silly audit   'safe-array-concat': [ '1.1.3' ],
261 silly audit   'safe-push-apply': [ '1.0.0' ],
261 silly audit   'safe-regex-test': [ '1.1.0' ],
261 silly audit   scheduler: [ '0.27.0' ],
261 silly audit   'set-function-length': [ '1.2.2' ],
261 silly audit   'set-function-name': [ '2.0.2' ],
261 silly audit   'set-proto': [ '1.0.0' ],
261 silly audit   sharp: [ '0.34.5' ],
261 silly audit   'shebang-command': [ '2.0.0' ],
261 silly audit   'shebang-regex': [ '3.0.0' ],
261 silly audit   'side-channel': [ '1.1.0' ],
261 silly audit   'side-channel-list': [ '1.0.0' ],
261 silly audit   'side-channel-map': [ '1.0.1' ],
261 silly audit   'side-channel-weakmap': [ '1.0.2' ],
261 silly audit   'source-map-js': [ '1.2.1' ],
261 silly audit   'stable-hash': [ '0.0.5' ],
261 silly audit   'stop-iteration-iterator': [ '1.1.0' ],
261 silly audit   'string.prototype.includes': [ '2.0.1' ],
261 silly audit   'string.prototype.matchall': [ '4.0.12' ],
261 silly audit   'string.prototype.repeat': [ '1.0.0' ],
261 silly audit   'string.prototype.trim': [ '1.2.10' ],
261 silly audit   'string.prototype.trimend': [ '1.0.9' ],
261 silly audit   'string.prototype.trimstart': [ '1.0.8' ],
261 silly audit   'strip-bom': [ '3.0.0' ],
261 silly audit   'strip-json-comments': [ '3.1.1' ],
261 silly audit   'styled-jsx': [ '5.1.6' ],
261 silly audit   'supports-color': [ '7.2.0' ],
261 silly audit   'supports-preserve-symlinks-flag': [ '1.0.0' ],
261 silly audit   'tailwind-merge': [ '3.4.0' ],
261 silly audit   tailwindcss: [ '4.1.18' ],
261 silly audit   tapable: [ '2.3.0' ],
261 silly audit   tinyglobby: [ '0.2.15' ],
261 silly audit   fdir: [ '6.5.0' ],
261 silly audit   'to-regex-range': [ '5.0.1' ],
261 silly audit   'ts-api-utils': [ '2.4.0' ],
261 silly audit   'tsconfig-paths': [ '3.15.0' ],
261 silly audit   tslib: [ '2.8.1' ],
261 silly audit   'type-check': [ '0.4.0' ],
261 silly audit   'typed-array-buffer': [ '1.0.3' ],
261 silly audit   'typed-array-byte-length': [ '1.0.3' ],
261 silly audit   'typed-array-byte-offset': [ '1.0.4' ],
261 silly audit   'typed-array-length': [ '1.0.7' ],
261 silly audit   typescript: [ '5.9.3' ],
261 silly audit   'typescript-eslint': [ '8.53.0' ],
261 silly audit   'unbox-primitive': [ '1.1.0' ],
261 silly audit   'undici-types': [ '6.21.0' ],
261 silly audit   'unrs-resolver': [ '1.11.1' ],
261 silly audit   'update-browserslist-db': [ '1.2.3' ],
261 silly audit   'uri-js': [ '4.4.1' ],
261 silly audit   which: [ '2.0.2' ],
261 silly audit   'which-boxed-primitive': [ '1.1.1' ],
261 silly audit   'which-builtin-type': [ '1.2.1' ],
261 silly audit   'which-collection': [ '1.0.2' ],
261 silly audit   'which-typed-array': [ '1.1.19' ],
261 silly audit   'word-wrap': [ '1.2.5' ],
261 silly audit   yallist: [ '3.1.1' ],
261 silly audit   'yocto-queue': [ '0.1.0' ],
261 silly audit   zod: [ '4.3.5' ],
261 silly audit   'zod-validation-error': [ '4.0.2' ],
261 silly audit   'eslint-config-prettier': [ '10.1.8' ],
261 silly audit   husky: [ '9.1.7' ],
261 silly audit   'lint-staged': [ '15.5.2' ],
261 silly audit   prettier: [ '3.7.4' ],
261 silly audit   commander: [ '13.1.0' ],
261 silly audit   execa: [ '8.0.1' ],
261 silly audit   lilconfig: [ '3.1.3' ],
261 silly audit   listr2: [ '8.3.3' ],
261 silly audit   pidtree: [ '0.6.0' ],
261 silly audit   'string-argv': [ '0.3.2' ],
261 silly audit   yaml: [ '2.8.2' ],
261 silly audit   'get-stream': [ '8.0.1' ],
261 silly audit   'human-signals': [ '5.0.0' ],
261 silly audit   'is-stream': [ '3.0.0' ],
261 silly audit   'merge-stream': [ '2.0.0' ],
261 silly audit   'npm-run-path': [ '5.3.0' ],
261 silly audit   onetime: [ '6.0.0', '7.0.0' ],
261 silly audit   'signal-exit': [ '4.1.0' ],
261 silly audit   'strip-final-newline': [ '3.0.0' ],
261 silly audit   'cli-truncate': [ '4.0.0' ],
261 silly audit   colorette: [ '2.0.20' ],
261 silly audit   eventemitter3: [ '5.0.1' ],
261 silly audit   'log-update': [ '6.1.0' ],
261 silly audit   rfdc: [ '1.4.1' ],
261 silly audit   'wrap-ansi': [ '9.0.2' ],
261 silly audit   'slice-ansi': [ '5.0.0', '7.1.2' ],
261 silly audit   'string-width': [ '7.2.0' ],
261 silly audit   'ansi-escapes': [ '7.2.0' ],
261 silly audit   'cli-cursor': [ '5.0.0' ],
261 silly audit   'strip-ansi': [ '7.1.2' ],
261 silly audit   environment: [ '1.1.0' ],
261 silly audit   'restore-cursor': [ '5.1.0' ],
261 silly audit   'mimic-fn': [ '4.0.0' ],
261 silly audit   'is-fullwidth-code-point': [ '4.0.0', '5.1.0' ],
261 silly audit   'get-east-asian-width': [ '1.4.0' ],
261 silly audit   'ansi-regex': [ '6.2.2' ],
261 silly audit   'mimic-function': [ '5.0.1' ],
261 silly audit   '@tailwindcss/oxide-wasm32-wasi': [ '4.1.18' ]
261 silly audit }
262 verbose reify failed optional dependency /Users/tomer/Documents/Tomer/Yuila/yulia-law-landing/node_modules/lightningcss-win32-x64-msvc
263 silly reify mark deleted [
263 silly reify   '/Users/tomer/Documents/Tomer/Yuila/yulia-law-landing/node_modules/lightningcss-win32-x64-msvc'
263 silly reify ]
264 verbose reify failed optional dependency /Users/tomer/Documents/Tomer/Yuila/yulia-law-landing/node_modules/lightningcss-win32-arm64-msvc
265 silly reify mark deleted [
265 silly reify   '/Users/tomer/Documents/Tomer/Yuila/yulia-law-landing/node_modules/lightningcss-win32-arm64-msvc'
265 silly reify ]
266 verbose reify failed optional dependency /Users/tomer/Documents/Tomer/Yuila/yulia-law-landing/node_modules/lightningcss-linux-x64-musl
267 silly reify mark deleted [
267 silly reify   '/Users/tomer/Documents/Tomer/Yuila/yulia-law-landing/node_modules/lightningcss-linux-x64-musl'
267 silly reify ]
268 verbose reify failed optional dependency /Users/tomer/Documents/Tomer/Yuila/yulia-law-landing/node_modules/lightningcss-linux-x64-gnu
269 silly reify mark deleted [
269 silly reify   '/Users/tomer/Documents/Tomer/Yuila/yulia-law-landing/node_modules/lightningcss-linux-x64-gnu'
269 silly reify ]
270 verbose reify failed optional dependency /Users/tomer/Documents/Tomer/Yuila/yulia-law-landing/node_modules/lightningcss-linux-arm64-musl
271 silly reify mark deleted [
271 silly reify   '/Users/tomer/Documents/Tomer/Yuila/yulia-law-landing/node_modules/lightningcss-linux-arm64-musl'
271 silly reify ]
272 verbose reify failed optional dependency /Users/tomer/Documents/Tomer/Yuila/yulia-law-landing/node_modules/lightningcss-linux-arm64-gnu
273 silly reify mark deleted [
273 silly reify   '/Users/tomer/Documents/Tomer/Yuila/yulia-law-landing/node_modules/lightningcss-linux-arm64-gnu'
273 silly reify ]
274 verbose reify failed optional dependency /Users/tomer/Documents/Tomer/Yuila/yulia-law-landing/node_modules/lightningcss-linux-arm-gnueabihf
275 silly reify mark deleted [
275 silly reify   '/Users/tomer/Documents/Tomer/Yuila/yulia-law-landing/node_modules/lightningcss-linux-arm-gnueabihf'
275 silly reify ]
276 verbose reify failed optional dependency /Users/tomer/Documents/Tomer/Yuila/yulia-law-landing/node_modules/lightningcss-freebsd-x64
277 silly reify mark deleted [
277 silly reify   '/Users/tomer/Documents/Tomer/Yuila/yulia-law-landing/node_modules/lightningcss-freebsd-x64'
277 silly reify ]
278 verbose reify failed optional dependency /Users/tomer/Documents/Tomer/Yuila/yulia-law-landing/node_modules/lightningcss-darwin-x64
279 silly reify mark deleted [
279 silly reify   '/Users/tomer/Documents/Tomer/Yuila/yulia-law-landing/node_modules/lightningcss-darwin-x64'
279 silly reify ]
280 verbose reify failed optional dependency /Users/tomer/Documents/Tomer/Yuila/yulia-law-landing/node_modules/lightningcss-android-arm64
281 silly reify mark deleted [
281 silly reify   '/Users/tomer/Documents/Tomer/Yuila/yulia-law-landing/node_modules/lightningcss-android-arm64'
281 silly reify ]
282 verbose reify failed optional dependency /Users/tomer/Documents/Tomer/Yuila/yulia-law-landing/node_modules/@unrs/resolver-binding-win32-x64-msvc
283 silly reify mark deleted [
283 silly reify   '/Users/tomer/Documents/Tomer/Yuila/yulia-law-landing/node_modules/@unrs/resolver-binding-win32-x64-msvc'
283 silly reify ]
284 verbose reify failed optional dependency /Users/tomer/Documents/Tomer/Yuila/yulia-law-landing/node_modules/@unrs/resolver-binding-win32-ia32-msvc
285 silly reify mark deleted [
285 silly reify   '/Users/tomer/Documents/Tomer/Yuila/yulia-law-landing/node_modules/@unrs/resolver-binding-win32-ia32-msvc'
285 silly reify ]
286 verbose reify failed optional dependency /Users/tomer/Documents/Tomer/Yuila/yulia-law-landing/node_modules/@unrs/resolver-binding-win32-arm64-msvc
287 silly reify mark deleted [
287 silly reify   '/Users/tomer/Documents/Tomer/Yuila/yulia-law-landing/node_modules/@unrs/resolver-binding-win32-arm64-msvc'
287 silly reify ]
288 verbose reify failed optional dependency /Users/tomer/Documents/Tomer/Yuila/yulia-law-landing/node_modules/@unrs/resolver-binding-wasm32-wasi
289 silly reify mark deleted [
289 silly reify   '/Users/tomer/Documents/Tomer/Yuila/yulia-law-landing/node_modules/@unrs/resolver-binding-wasm32-wasi'
289 silly reify ]
290 verbose reify failed optional dependency /Users/tomer/Documents/Tomer/Yuila/yulia-law-landing/node_modules/@unrs/resolver-binding-linux-x64-musl
291 silly reify mark deleted [
291 silly reify   '/Users/tomer/Documents/Tomer/Yuila/yulia-law-landing/node_modules/@unrs/resolver-binding-linux-x64-musl'
291 silly reify ]
292 verbose reify failed optional dependency /Users/tomer/Documents/Tomer/Yuila/yulia-law-landing/node_modules/@unrs/resolver-binding-linux-x64-gnu
293 silly reify mark deleted [
293 silly reify   '/Users/tomer/Documents/Tomer/Yuila/yulia-law-landing/node_modules/@unrs/resolver-binding-linux-x64-gnu'
293 silly reify ]
294 verbose reify failed optional dependency /Users/tomer/Documents/Tomer/Yuila/yulia-law-landing/node_modules/@unrs/resolver-binding-linux-s390x-gnu
295 silly reify mark deleted [
295 silly reify   '/Users/tomer/Documents/Tomer/Yuila/yulia-law-landing/node_modules/@unrs/resolver-binding-linux-s390x-gnu'
295 silly reify ]
296 verbose reify failed optional dependency /Users/tomer/Documents/Tomer/Yuila/yulia-law-landing/node_modules/@unrs/resolver-binding-linux-riscv64-musl
297 silly reify mark deleted [
297 silly reify   '/Users/tomer/Documents/Tomer/Yuila/yulia-law-landing/node_modules/@unrs/resolver-binding-linux-riscv64-musl'
297 silly reify ]
298 verbose reify failed optional dependency /Users/tomer/Documents/Tomer/Yuila/yulia-law-landing/node_modules/@unrs/resolver-binding-linux-riscv64-gnu
299 silly reify mark deleted [
299 silly reify   '/Users/tomer/Documents/Tomer/Yuila/yulia-law-landing/node_modules/@unrs/resolver-binding-linux-riscv64-gnu'
299 silly reify ]
300 verbose reify failed optional dependency /Users/tomer/Documents/Tomer/Yuila/yulia-law-landing/node_modules/@unrs/resolver-binding-linux-ppc64-gnu
301 silly reify mark deleted [
301 silly reify   '/Users/tomer/Documents/Tomer/Yuila/yulia-law-landing/node_modules/@unrs/resolver-binding-linux-ppc64-gnu'
301 silly reify ]
302 verbose reify failed optional dependency /Users/tomer/Documents/Tomer/Yuila/yulia-law-landing/node_modules/@unrs/resolver-binding-linux-arm64-musl
303 silly reify mark deleted [
303 silly reify   '/Users/tomer/Documents/Tomer/Yuila/yulia-law-landing/node_modules/@unrs/resolver-binding-linux-arm64-musl'
303 silly reify ]
304 verbose reify failed optional dependency /Users/tomer/Documents/Tomer/Yuila/yulia-law-landing/node_modules/@unrs/resolver-binding-linux-arm64-gnu
305 silly reify mark deleted [
305 silly reify   '/Users/tomer/Documents/Tomer/Yuila/yulia-law-landing/node_modules/@unrs/resolver-binding-linux-arm64-gnu'
305 silly reify ]
306 verbose reify failed optional dependency /Users/tomer/Documents/Tomer/Yuila/yulia-law-landing/node_modules/@unrs/resolver-binding-linux-arm-musleabihf
307 silly reify mark deleted [
307 silly reify   '/Users/tomer/Documents/Tomer/Yuila/yulia-law-landing/node_modules/@unrs/resolver-binding-linux-arm-musleabihf'
307 silly reify ]
308 verbose reify failed optional dependency /Users/tomer/Documents/Tomer/Yuila/yulia-law-landing/node_modules/@unrs/resolver-binding-linux-arm-gnueabihf
309 silly reify mark deleted [
309 silly reify   '/Users/tomer/Documents/Tomer/Yuila/yulia-law-landing/node_modules/@unrs/resolver-binding-linux-arm-gnueabihf'
309 silly reify ]
310 verbose reify failed optional dependency /Users/tomer/Documents/Tomer/Yuila/yulia-law-landing/node_modules/@unrs/resolver-binding-freebsd-x64
311 silly reify mark deleted [
311 silly reify   '/Users/tomer/Documents/Tomer/Yuila/yulia-law-landing/node_modules/@unrs/resolver-binding-freebsd-x64'
311 silly reify ]
312 verbose reify failed optional dependency /Users/tomer/Documents/Tomer/Yuila/yulia-law-landing/node_modules/@unrs/resolver-binding-darwin-x64
313 silly reify mark deleted [
313 silly reify   '/Users/tomer/Documents/Tomer/Yuila/yulia-law-landing/node_modules/@unrs/resolver-binding-darwin-x64'
313 silly reify ]
314 verbose reify failed optional dependency /Users/tomer/Documents/Tomer/Yuila/yulia-law-landing/node_modules/@unrs/resolver-binding-android-arm64
315 silly reify mark deleted [
315 silly reify   '/Users/tomer/Documents/Tomer/Yuila/yulia-law-landing/node_modules/@unrs/resolver-binding-android-arm64'
315 silly reify ]
316 verbose reify failed optional dependency /Users/tomer/Documents/Tomer/Yuila/yulia-law-landing/node_modules/@unrs/resolver-binding-android-arm-eabi
317 silly reify mark deleted [
317 silly reify   '/Users/tomer/Documents/Tomer/Yuila/yulia-law-landing/node_modules/@unrs/resolver-binding-android-arm-eabi'
317 silly reify ]
318 verbose reify failed optional dependency /Users/tomer/Documents/Tomer/Yuila/yulia-law-landing/node_modules/@tailwindcss/oxide-win32-x64-msvc
319 silly reify mark deleted [
319 silly reify   '/Users/tomer/Documents/Tomer/Yuila/yulia-law-landing/node_modules/@tailwindcss/oxide-win32-x64-msvc'
319 silly reify ]
320 verbose reify failed optional dependency /Users/tomer/Documents/Tomer/Yuila/yulia-law-landing/node_modules/@tailwindcss/oxide-win32-arm64-msvc
321 silly reify mark deleted [
321 silly reify   '/Users/tomer/Documents/Tomer/Yuila/yulia-law-landing/node_modules/@tailwindcss/oxide-win32-arm64-msvc'
321 silly reify ]
322 verbose reify failed optional dependency /Users/tomer/Documents/Tomer/Yuila/yulia-law-landing/node_modules/@tailwindcss/oxide-linux-x64-musl
323 silly reify mark deleted [
323 silly reify   '/Users/tomer/Documents/Tomer/Yuila/yulia-law-landing/node_modules/@tailwindcss/oxide-linux-x64-musl'
323 silly reify ]
324 verbose reify failed optional dependency /Users/tomer/Documents/Tomer/Yuila/yulia-law-landing/node_modules/@tailwindcss/oxide-linux-x64-gnu
325 silly reify mark deleted [
325 silly reify   '/Users/tomer/Documents/Tomer/Yuila/yulia-law-landing/node_modules/@tailwindcss/oxide-linux-x64-gnu'
325 silly reify ]
326 verbose reify failed optional dependency /Users/tomer/Documents/Tomer/Yuila/yulia-law-landing/node_modules/@tailwindcss/oxide-linux-arm64-musl
327 silly reify mark deleted [
327 silly reify   '/Users/tomer/Documents/Tomer/Yuila/yulia-law-landing/node_modules/@tailwindcss/oxide-linux-arm64-musl'
327 silly reify ]
328 verbose reify failed optional dependency /Users/tomer/Documents/Tomer/Yuila/yulia-law-landing/node_modules/@tailwindcss/oxide-linux-arm64-gnu
329 silly reify mark deleted [
329 silly reify   '/Users/tomer/Documents/Tomer/Yuila/yulia-law-landing/node_modules/@tailwindcss/oxide-linux-arm64-gnu'
329 silly reify ]
330 verbose reify failed optional dependency /Users/tomer/Documents/Tomer/Yuila/yulia-law-landing/node_modules/@tailwindcss/oxide-linux-arm-gnueabihf
331 silly reify mark deleted [
331 silly reify   '/Users/tomer/Documents/Tomer/Yuila/yulia-law-landing/node_modules/@tailwindcss/oxide-linux-arm-gnueabihf'
331 silly reify ]
332 verbose reify failed optional dependency /Users/tomer/Documents/Tomer/Yuila/yulia-law-landing/node_modules/@tailwindcss/oxide-freebsd-x64
333 silly reify mark deleted [
333 silly reify   '/Users/tomer/Documents/Tomer/Yuila/yulia-law-landing/node_modules/@tailwindcss/oxide-freebsd-x64'
333 silly reify ]
334 verbose reify failed optional dependency /Users/tomer/Documents/Tomer/Yuila/yulia-law-landing/node_modules/@tailwindcss/oxide-darwin-x64
335 silly reify mark deleted [
335 silly reify   '/Users/tomer/Documents/Tomer/Yuila/yulia-law-landing/node_modules/@tailwindcss/oxide-darwin-x64'
335 silly reify ]
336 verbose reify failed optional dependency /Users/tomer/Documents/Tomer/Yuila/yulia-law-landing/node_modules/@tailwindcss/oxide-android-arm64
337 silly reify mark deleted [
337 silly reify   '/Users/tomer/Documents/Tomer/Yuila/yulia-law-landing/node_modules/@tailwindcss/oxide-android-arm64'
337 silly reify ]
338 verbose reify failed optional dependency /Users/tomer/Documents/Tomer/Yuila/yulia-law-landing/node_modules/@next/swc-win32-x64-msvc
339 silly reify mark deleted [
339 silly reify   '/Users/tomer/Documents/Tomer/Yuila/yulia-law-landing/node_modules/@next/swc-win32-x64-msvc'
339 silly reify ]
340 verbose reify failed optional dependency /Users/tomer/Documents/Tomer/Yuila/yulia-law-landing/node_modules/@next/swc-win32-arm64-msvc
341 silly reify mark deleted [
341 silly reify   '/Users/tomer/Documents/Tomer/Yuila/yulia-law-landing/node_modules/@next/swc-win32-arm64-msvc'
341 silly reify ]
342 verbose reify failed optional dependency /Users/tomer/Documents/Tomer/Yuila/yulia-law-landing/node_modules/@next/swc-linux-x64-musl
343 silly reify mark deleted [
343 silly reify   '/Users/tomer/Documents/Tomer/Yuila/yulia-law-landing/node_modules/@next/swc-linux-x64-musl'
343 silly reify ]
344 verbose reify failed optional dependency /Users/tomer/Documents/Tomer/Yuila/yulia-law-landing/node_modules/@next/swc-linux-x64-gnu
345 silly reify mark deleted [
345 silly reify   '/Users/tomer/Documents/Tomer/Yuila/yulia-law-landing/node_modules/@next/swc-linux-x64-gnu'
345 silly reify ]
346 verbose reify failed optional dependency /Users/tomer/Documents/Tomer/Yuila/yulia-law-landing/node_modules/@next/swc-linux-arm64-musl
347 silly reify mark deleted [
347 silly reify   '/Users/tomer/Documents/Tomer/Yuila/yulia-law-landing/node_modules/@next/swc-linux-arm64-musl'
347 silly reify ]
348 verbose reify failed optional dependency /Users/tomer/Documents/Tomer/Yuila/yulia-law-landing/node_modules/@next/swc-linux-arm64-gnu
349 silly reify mark deleted [
349 silly reify   '/Users/tomer/Documents/Tomer/Yuila/yulia-law-landing/node_modules/@next/swc-linux-arm64-gnu'
349 silly reify ]
350 verbose reify failed optional dependency /Users/tomer/Documents/Tomer/Yuila/yulia-law-landing/node_modules/@next/swc-darwin-x64
351 silly reify mark deleted [
351 silly reify   '/Users/tomer/Documents/Tomer/Yuila/yulia-law-landing/node_modules/@next/swc-darwin-x64'
351 silly reify ]
352 verbose reify failed optional dependency /Users/tomer/Documents/Tomer/Yuila/yulia-law-landing/node_modules/@img/sharp-win32-x64
353 silly reify mark deleted [
353 silly reify   '/Users/tomer/Documents/Tomer/Yuila/yulia-law-landing/node_modules/@img/sharp-win32-x64'
353 silly reify ]
354 verbose reify failed optional dependency /Users/tomer/Documents/Tomer/Yuila/yulia-law-landing/node_modules/@img/sharp-win32-ia32
355 silly reify mark deleted [
355 silly reify   '/Users/tomer/Documents/Tomer/Yuila/yulia-law-landing/node_modules/@img/sharp-win32-ia32'
355 silly reify ]
356 verbose reify failed optional dependency /Users/tomer/Documents/Tomer/Yuila/yulia-law-landing/node_modules/@img/sharp-win32-arm64
357 silly reify mark deleted [
357 silly reify   '/Users/tomer/Documents/Tomer/Yuila/yulia-law-landing/node_modules/@img/sharp-win32-arm64'
357 silly reify ]
358 verbose reify failed optional dependency /Users/tomer/Documents/Tomer/Yuila/yulia-law-landing/node_modules/@img/sharp-wasm32
359 silly reify mark deleted [
359 silly reify   '/Users/tomer/Documents/Tomer/Yuila/yulia-law-landing/node_modules/@img/sharp-wasm32'
359 silly reify ]
360 verbose reify failed optional dependency /Users/tomer/Documents/Tomer/Yuila/yulia-law-landing/node_modules/@img/sharp-linuxmusl-x64
361 silly reify mark deleted [
361 silly reify   '/Users/tomer/Documents/Tomer/Yuila/yulia-law-landing/node_modules/@img/sharp-linuxmusl-x64'
361 silly reify ]
362 verbose reify failed optional dependency /Users/tomer/Documents/Tomer/Yuila/yulia-law-landing/node_modules/@img/sharp-linuxmusl-arm64
363 silly reify mark deleted [
363 silly reify   '/Users/tomer/Documents/Tomer/Yuila/yulia-law-landing/node_modules/@img/sharp-linuxmusl-arm64'
363 silly reify ]
364 verbose reify failed optional dependency /Users/tomer/Documents/Tomer/Yuila/yulia-law-landing/node_modules/@img/sharp-linux-x64
365 silly reify mark deleted [
365 silly reify   '/Users/tomer/Documents/Tomer/Yuila/yulia-law-landing/node_modules/@img/sharp-linux-x64'
365 silly reify ]
366 verbose reify failed optional dependency /Users/tomer/Documents/Tomer/Yuila/yulia-law-landing/node_modules/@img/sharp-linux-s390x
367 silly reify mark deleted [
367 silly reify   '/Users/tomer/Documents/Tomer/Yuila/yulia-law-landing/node_modules/@img/sharp-linux-s390x'
367 silly reify ]
368 verbose reify failed optional dependency /Users/tomer/Documents/Tomer/Yuila/yulia-law-landing/node_modules/@img/sharp-linux-riscv64
369 silly reify mark deleted [
369 silly reify   '/Users/tomer/Documents/Tomer/Yuila/yulia-law-landing/node_modules/@img/sharp-linux-riscv64'
369 silly reify ]
370 verbose reify failed optional dependency /Users/tomer/Documents/Tomer/Yuila/yulia-law-landing/node_modules/@img/sharp-linux-ppc64
371 silly reify mark deleted [
371 silly reify   '/Users/tomer/Documents/Tomer/Yuila/yulia-law-landing/node_modules/@img/sharp-linux-ppc64'
371 silly reify ]
372 verbose reify failed optional dependency /Users/tomer/Documents/Tomer/Yuila/yulia-law-landing/node_modules/@img/sharp-linux-arm64
373 silly reify mark deleted [
373 silly reify   '/Users/tomer/Documents/Tomer/Yuila/yulia-law-landing/node_modules/@img/sharp-linux-arm64'
373 silly reify ]
374 verbose reify failed optional dependency /Users/tomer/Documents/Tomer/Yuila/yulia-law-landing/node_modules/@img/sharp-linux-arm
375 silly reify mark deleted [
375 silly reify   '/Users/tomer/Documents/Tomer/Yuila/yulia-law-landing/node_modules/@img/sharp-linux-arm'
375 silly reify ]
376 verbose reify failed optional dependency /Users/tomer/Documents/Tomer/Yuila/yulia-law-landing/node_modules/@img/sharp-libvips-linuxmusl-x64
377 silly reify mark deleted [
377 silly reify   '/Users/tomer/Documents/Tomer/Yuila/yulia-law-landing/node_modules/@img/sharp-libvips-linuxmusl-x64'
377 silly reify ]
378 verbose reify failed optional dependency /Users/tomer/Documents/Tomer/Yuila/yulia-law-landing/node_modules/@img/sharp-libvips-linuxmusl-arm64
379 silly reify mark deleted [
379 silly reify   '/Users/tomer/Documents/Tomer/Yuila/yulia-law-landing/node_modules/@img/sharp-libvips-linuxmusl-arm64'
379 silly reify ]
380 verbose reify failed optional dependency /Users/tomer/Documents/Tomer/Yuila/yulia-law-landing/node_modules/@img/sharp-libvips-linux-x64
381 silly reify mark deleted [
381 silly reify   '/Users/tomer/Documents/Tomer/Yuila/yulia-law-landing/node_modules/@img/sharp-libvips-linux-x64'
381 silly reify ]
382 verbose reify failed optional dependency /Users/tomer/Documents/Tomer/Yuila/yulia-law-landing/node_modules/@img/sharp-libvips-linux-s390x
383 silly reify mark deleted [
383 silly reify   '/Users/tomer/Documents/Tomer/Yuila/yulia-law-landing/node_modules/@img/sharp-libvips-linux-s390x'
383 silly reify ]
384 verbose reify failed optional dependency /Users/tomer/Documents/Tomer/Yuila/yulia-law-landing/node_modules/@img/sharp-libvips-linux-riscv64
385 silly reify mark deleted [
385 silly reify   '/Users/tomer/Documents/Tomer/Yuila/yulia-law-landing/node_modules/@img/sharp-libvips-linux-riscv64'
385 silly reify ]
386 verbose reify failed optional dependency /Users/tomer/Documents/Tomer/Yuila/yulia-law-landing/node_modules/@img/sharp-libvips-linux-ppc64
387 silly reify mark deleted [
387 silly reify   '/Users/tomer/Documents/Tomer/Yuila/yulia-law-landing/node_modules/@img/sharp-libvips-linux-ppc64'
387 silly reify ]
388 verbose reify failed optional dependency /Users/tomer/Documents/Tomer/Yuila/yulia-law-landing/node_modules/@img/sharp-libvips-linux-arm64
389 silly reify mark deleted [
389 silly reify   '/Users/tomer/Documents/Tomer/Yuila/yulia-law-landing/node_modules/@img/sharp-libvips-linux-arm64'
389 silly reify ]
390 verbose reify failed optional dependency /Users/tomer/Documents/Tomer/Yuila/yulia-law-landing/node_modules/@img/sharp-libvips-linux-arm
391 silly reify mark deleted [
391 silly reify   '/Users/tomer/Documents/Tomer/Yuila/yulia-law-landing/node_modules/@img/sharp-libvips-linux-arm'
391 silly reify ]
392 verbose reify failed optional dependency /Users/tomer/Documents/Tomer/Yuila/yulia-law-landing/node_modules/@img/sharp-libvips-darwin-x64
393 silly reify mark deleted [
393 silly reify   '/Users/tomer/Documents/Tomer/Yuila/yulia-law-landing/node_modules/@img/sharp-libvips-darwin-x64'
393 silly reify ]
394 verbose reify failed optional dependency /Users/tomer/Documents/Tomer/Yuila/yulia-law-landing/node_modules/@img/sharp-darwin-x64
395 silly reify mark deleted [
395 silly reify   '/Users/tomer/Documents/Tomer/Yuila/yulia-law-landing/node_modules/@img/sharp-darwin-x64'
395 silly reify ]
396 silly tarball no local data for get-east-asian-width@https://registry.npmjs.org/get-east-asian-width/-/get-east-asian-width-1.4.0.tgz. Extracting by manifest.
397 silly tarball no local data for ansi-regex@https://registry.npmjs.org/ansi-regex/-/ansi-regex-6.2.2.tgz. Extracting by manifest.
398 silly tarball no local data for is-fullwidth-code-point@https://registry.npmjs.org/is-fullwidth-code-point/-/is-fullwidth-code-point-4.0.0.tgz. Extracting by manifest.
399 silly tarball no local data for mimic-fn@https://registry.npmjs.org/mimic-fn/-/mimic-fn-4.0.0.tgz. Extracting by manifest.
400 silly tarball no local data for restore-cursor@https://registry.npmjs.org/restore-cursor/-/restore-cursor-5.1.0.tgz. Extracting by manifest.
401 silly tarball no local data for mimic-function@https://registry.npmjs.org/mimic-function/-/mimic-function-5.0.1.tgz. Extracting by manifest.
402 silly tarball no local data for strip-ansi@https://registry.npmjs.org/strip-ansi/-/strip-ansi-7.1.2.tgz. Extracting by manifest.
403 silly tarball no local data for environment@https://registry.npmjs.org/environment/-/environment-1.1.0.tgz. Extracting by manifest.
404 silly tarball no local data for slice-ansi@https://registry.npmjs.org/slice-ansi/-/slice-ansi-5.0.0.tgz. Extracting by manifest.
405 silly tarball no local data for wrap-ansi@https://registry.npmjs.org/wrap-ansi/-/wrap-ansi-9.0.2.tgz. Extracting by manifest.
406 silly tarball no local data for rfdc@https://registry.npmjs.org/rfdc/-/rfdc-1.4.1.tgz. Extracting by manifest.
407 silly tarball no local data for log-update@https://registry.npmjs.org/log-update/-/log-update-6.1.0.tgz. Extracting by manifest.
408 silly tarball no local data for eventemitter3@https://registry.npmjs.org/eventemitter3/-/eventemitter3-5.0.1.tgz. Extracting by manifest.
409 silly tarball no local data for colorette@https://registry.npmjs.org/colorette/-/colorette-2.0.20.tgz. Extracting by manifest.
410 silly tarball no local data for cli-truncate@https://registry.npmjs.org/cli-truncate/-/cli-truncate-4.0.0.tgz. Extracting by manifest.
411 silly tarball no local data for signal-exit@https://registry.npmjs.org/signal-exit/-/signal-exit-4.1.0.tgz. Extracting by manifest.
412 silly tarball no local data for strip-final-newline@https://registry.npmjs.org/strip-final-newline/-/strip-final-newline-3.0.0.tgz. Extracting by manifest.
413 silly tarball no local data for onetime@https://registry.npmjs.org/onetime/-/onetime-6.0.0.tgz. Extracting by manifest.
414 silly tarball no local data for npm-run-path@https://registry.npmjs.org/npm-run-path/-/npm-run-path-5.3.0.tgz. Extracting by manifest.
415 silly tarball no local data for merge-stream@https://registry.npmjs.org/merge-stream/-/merge-stream-2.0.0.tgz. Extracting by manifest.
416 silly tarball no local data for ansi-escapes@https://registry.npmjs.org/ansi-escapes/-/ansi-escapes-7.2.0.tgz. Extracting by manifest.
417 silly tarball no local data for is-stream@https://registry.npmjs.org/is-stream/-/is-stream-3.0.0.tgz. Extracting by manifest.
418 silly tarball no local data for human-signals@https://registry.npmjs.org/human-signals/-/human-signals-5.0.0.tgz. Extracting by manifest.
419 silly tarball no local data for get-stream@https://registry.npmjs.org/get-stream/-/get-stream-8.0.1.tgz. Extracting by manifest.
420 silly tarball no local data for yaml@https://registry.npmjs.org/yaml/-/yaml-2.8.2.tgz. Extracting by manifest.
421 silly tarball no local data for string-argv@https://registry.npmjs.org/string-argv/-/string-argv-0.3.2.tgz. Extracting by manifest.
422 silly tarball no local data for pidtree@https://registry.npmjs.org/pidtree/-/pidtree-0.6.0.tgz. Extracting by manifest.
423 silly tarball no local data for listr2@https://registry.npmjs.org/listr2/-/listr2-8.3.3.tgz. Extracting by manifest.
424 silly tarball no local data for execa@https://registry.npmjs.org/execa/-/execa-8.0.1.tgz. Extracting by manifest.
425 silly tarball no local data for lilconfig@https://registry.npmjs.org/lilconfig/-/lilconfig-3.1.3.tgz. Extracting by manifest.
426 silly tarball no local data for commander@https://registry.npmjs.org/commander/-/commander-13.1.0.tgz. Extracting by manifest.
427 silly tarball no local data for prettier@https://registry.npmjs.org/prettier/-/prettier-3.7.4.tgz. Extracting by manifest.
428 silly tarball no local data for lint-staged@https://registry.npmjs.org/lint-staged/-/lint-staged-15.5.2.tgz. Extracting by manifest.
429 silly tarball no local data for eslint-config-prettier@https://registry.npmjs.org/eslint-config-prettier/-/eslint-config-prettier-10.1.8.tgz. Extracting by manifest.
430 silly tarball no local data for string-width@https://registry.npmjs.org/string-width/-/string-width-7.2.0.tgz. Extracting by manifest.
431 silly tarball no local data for husky@https://registry.npmjs.org/husky/-/husky-9.1.7.tgz. Extracting by manifest.
432 silly tarball no local data for ansi-styles@https://registry.npmjs.org/ansi-styles/-/ansi-styles-6.2.3.tgz. Extracting by manifest.
433 silly tarball no local data for ansi-styles@https://registry.npmjs.org/ansi-styles/-/ansi-styles-6.2.3.tgz. Extracting by manifest.
434 silly tarball no local data for emoji-regex@https://registry.npmjs.org/emoji-regex/-/emoji-regex-10.6.0.tgz. Extracting by manifest.
435 silly tarball no local data for cli-cursor@https://registry.npmjs.org/cli-cursor/-/cli-cursor-5.0.0.tgz. Extracting by manifest.
436 silly tarball no local data for is-fullwidth-code-point@https://registry.npmjs.org/is-fullwidth-code-point/-/is-fullwidth-code-point-5.1.0.tgz. Extracting by manifest.
437 silly tarball no local data for ansi-styles@https://registry.npmjs.org/ansi-styles/-/ansi-styles-6.2.3.tgz. Extracting by manifest.
438 silly tarball no local data for path-key@https://registry.npmjs.org/path-key/-/path-key-4.0.0.tgz. Extracting by manifest.
439 silly tarball no local data for chalk@https://registry.npmjs.org/chalk/-/chalk-5.6.2.tgz. Extracting by manifest.
440 silly tarball no local data for slice-ansi@https://registry.npmjs.org/slice-ansi/-/slice-ansi-7.1.2.tgz. Extracting by manifest.
441 silly tarball no local data for onetime@https://registry.npmjs.org/onetime/-/onetime-7.0.0.tgz. Extracting by manifest.
442 http fetch GET 200 https://registry.npmjs.org/mimic-fn/-/mimic-fn-4.0.0.tgz 59ms (cache miss)
443 http fetch GET 200 https://registry.npmjs.org/get-east-asian-width/-/get-east-asian-width-1.4.0.tgz 60ms (cache miss)
444 http fetch GET 200 https://registry.npmjs.org/environment/-/environment-1.1.0.tgz 58ms (cache miss)
445 http fetch GET 200 https://registry.npmjs.org/slice-ansi/-/slice-ansi-5.0.0.tgz 58ms (cache miss)
446 http fetch GET 200 https://registry.npmjs.org/mimic-function/-/mimic-function-5.0.1.tgz 59ms (cache miss)
447 http fetch GET 200 https://registry.npmjs.org/restore-cursor/-/restore-cursor-5.1.0.tgz 60ms (cache miss)
448 http fetch GET 200 https://registry.npmjs.org/strip-ansi/-/strip-ansi-7.1.2.tgz 59ms (cache miss)
449 http fetch GET 200 https://registry.npmjs.org/ansi-regex/-/ansi-regex-6.2.2.tgz 60ms (cache miss)
450 http fetch GET 200 https://registry.npmjs.org/is-fullwidth-code-point/-/is-fullwidth-code-point-4.0.0.tgz 60ms (cache miss)
451 http fetch GET 200 https://registry.npmjs.org/cli-truncate/-/cli-truncate-4.0.0.tgz 71ms (cache miss)
452 http fetch GET 200 https://registry.npmjs.org/strip-final-newline/-/strip-final-newline-3.0.0.tgz 71ms (cache miss)
453 http fetch GET 200 https://registry.npmjs.org/signal-exit/-/signal-exit-4.1.0.tgz 72ms (cache miss)
454 http fetch GET 200 https://registry.npmjs.org/onetime/-/onetime-6.0.0.tgz 78ms (cache miss)
455 http fetch GET 200 https://registry.npmjs.org/rfdc/-/rfdc-1.4.1.tgz 85ms (cache miss)
456 http fetch GET 200 https://registry.npmjs.org/ansi-escapes/-/ansi-escapes-7.2.0.tgz 84ms (cache miss)
457 http fetch GET 200 https://registry.npmjs.org/colorette/-/colorette-2.0.20.tgz 86ms (cache miss)
458 http fetch GET 200 https://registry.npmjs.org/is-stream/-/is-stream-3.0.0.tgz 85ms (cache miss)
459 http fetch GET 200 https://registry.npmjs.org/wrap-ansi/-/wrap-ansi-9.0.2.tgz 88ms (cache miss)
460 http fetch GET 200 https://registry.npmjs.org/merge-stream/-/merge-stream-2.0.0.tgz 86ms (cache miss)
461 http fetch GET 200 https://registry.npmjs.org/human-signals/-/human-signals-5.0.0.tgz 86ms (cache miss)
462 http fetch GET 200 https://registry.npmjs.org/eventemitter3/-/eventemitter3-5.0.1.tgz 89ms (cache miss)
463 http fetch GET 200 https://registry.npmjs.org/log-update/-/log-update-6.1.0.tgz 93ms (cache miss)
464 http fetch GET 200 https://registry.npmjs.org/npm-run-path/-/npm-run-path-5.3.0.tgz 96ms (cache miss)
465 http fetch GET 200 https://registry.npmjs.org/string-argv/-/string-argv-0.3.2.tgz 94ms (cache miss)
466 http fetch GET 200 https://registry.npmjs.org/lilconfig/-/lilconfig-3.1.3.tgz 111ms (cache miss)
467 http fetch GET 200 https://registry.npmjs.org/get-stream/-/get-stream-8.0.1.tgz 112ms (cache miss)
468 http fetch GET 200 https://registry.npmjs.org/pidtree/-/pidtree-0.6.0.tgz 118ms (cache miss)
469 http fetch GET 200 https://registry.npmjs.org/listr2/-/listr2-8.3.3.tgz 122ms (cache miss)
470 http fetch GET 200 https://registry.npmjs.org/string-width/-/string-width-7.2.0.tgz 121ms (cache miss)
471 http fetch GET 200 https://registry.npmjs.org/execa/-/execa-8.0.1.tgz 123ms (cache miss)
472 http fetch GET 200 https://registry.npmjs.org/emoji-regex/-/emoji-regex-10.6.0.tgz 121ms (cache miss)
473 http fetch GET 200 https://registry.npmjs.org/eslint-config-prettier/-/eslint-config-prettier-10.1.8.tgz 124ms (cache miss)
474 http fetch GET 200 https://registry.npmjs.org/ansi-styles/-/ansi-styles-6.2.3.tgz 125ms (cache miss)
475 http fetch GET 200 https://registry.npmjs.org/commander/-/commander-13.1.0.tgz 129ms (cache miss)
476 http fetch GET 200 https://registry.npmjs.org/lint-staged/-/lint-staged-15.5.2.tgz 131ms (cache miss)
477 http fetch GET 200 https://registry.npmjs.org/husky/-/husky-9.1.7.tgz 131ms (cache miss)
478 http fetch GET 200 https://registry.npmjs.org/is-fullwidth-code-point/-/is-fullwidth-code-point-5.1.0.tgz 132ms (cache miss)
479 http fetch GET 200 https://registry.npmjs.org/path-key/-/path-key-4.0.0.tgz 133ms (cache miss)
480 http fetch GET 200 https://registry.npmjs.org/ansi-styles/-/ansi-styles-6.2.3.tgz 134ms (cache miss)
481 http fetch GET 200 https://registry.npmjs.org/ansi-styles/-/ansi-styles-6.2.3.tgz 135ms (cache miss)
482 http fetch GET 200 https://registry.npmjs.org/cli-cursor/-/cli-cursor-5.0.0.tgz 136ms (cache miss)
483 http fetch GET 200 https://registry.npmjs.org/slice-ansi/-/slice-ansi-7.1.2.tgz 139ms (cache miss)
484 http fetch GET 200 https://registry.npmjs.org/chalk/-/chalk-5.6.2.tgz 140ms (cache miss)
485 http fetch GET 200 https://registry.npmjs.org/onetime/-/onetime-7.0.0.tgz 147ms (cache miss)
486 http fetch GET 200 https://registry.npmjs.org/yaml/-/yaml-2.8.2.tgz 163ms (cache miss)
487 http fetch GET 200 https://registry.npmjs.org/prettier/-/prettier-3.7.4.tgz 181ms (cache miss)
488 http fetch POST 200 https://registry.npmjs.org/-/npm/v1/security/advisories/bulk 272ms
489 silly audit report {}
490 silly ADD node_modules/mimic-function
491 silly ADD node_modules/ansi-regex
492 silly ADD node_modules/get-east-asian-width
493 silly ADD node_modules/is-fullwidth-code-point
494 silly ADD node_modules/mimic-fn
495 silly ADD node_modules/restore-cursor
496 silly ADD node_modules/restore-cursor/node_modules/onetime
497 silly ADD node_modules/environment
498 silly ADD node_modules/strip-ansi
499 silly ADD node_modules/cli-cursor
500 silly ADD node_modules/ansi-escapes
501 silly ADD node_modules/string-width
502 silly ADD node_modules/string-width/node_modules/emoji-regex
503 silly ADD node_modules/slice-ansi
504 silly ADD node_modules/slice-ansi/node_modules/ansi-styles
505 silly ADD node_modules/wrap-ansi
506 silly ADD node_modules/wrap-ansi/node_modules/ansi-styles
507 silly ADD node_modules/rfdc
508 silly ADD node_modules/log-update
509 silly ADD node_modules/log-update/node_modules/is-fullwidth-code-point
510 silly ADD node_modules/log-update/node_modules/ansi-styles
511 silly ADD node_modules/log-update/node_modules/slice-ansi
512 silly ADD node_modules/eventemitter3
513 silly ADD node_modules/colorette
514 silly ADD node_modules/cli-truncate
515 silly ADD node_modules/strip-final-newline
516 silly ADD node_modules/signal-exit
517 silly ADD node_modules/onetime
518 silly ADD node_modules/npm-run-path
519 silly ADD node_modules/npm-run-path/node_modules/path-key
520 silly ADD node_modules/merge-stream
521 silly ADD node_modules/is-stream
522 silly ADD node_modules/human-signals
523 silly ADD node_modules/get-stream
524 silly ADD node_modules/yaml
525 silly ADD node_modules/string-argv
526 silly ADD node_modules/pidtree
527 silly ADD node_modules/listr2
528 silly ADD node_modules/lilconfig
529 silly ADD node_modules/execa
530 silly ADD node_modules/commander
531 silly ADD node_modules/prettier
532 silly ADD node_modules/lint-staged
533 silly ADD node_modules/lint-staged/node_modules/chalk
534 silly ADD node_modules/husky
535 silly ADD node_modules/eslint-config-prettier
536 silly ADD
537 silly ADD
538 silly ADD
539 silly ADD
540 silly ADD
541 silly ADD
542 silly ADD
543 silly ADD
544 silly ADD
545 silly ADD
546 silly ADD
547 silly ADD
548 silly ADD
549 silly ADD
550 silly ADD
551 silly ADD
552 silly ADD
553 silly ADD
554 silly ADD
555 silly ADD
556 silly ADD
557 silly ADD
558 silly ADD
559 silly ADD
560 silly ADD
561 silly ADD
562 silly ADD
563 silly ADD
564 silly ADD
565 silly ADD
566 silly ADD
567 silly ADD
568 silly ADD
569 silly ADD
570 silly ADD
571 silly ADD
572 silly ADD
573 silly ADD
574 silly ADD
575 silly ADD
576 silly ADD
577 silly ADD
578 silly ADD
579 silly ADD
580 silly ADD
581 silly ADD
582 silly ADD
583 silly ADD
584 silly ADD
585 silly ADD
586 silly ADD
587 silly ADD
588 silly ADD
589 silly ADD
590 silly ADD
591 silly ADD
592 silly ADD
593 silly ADD
594 silly ADD
595 silly ADD
596 silly ADD
597 silly ADD
598 silly ADD
599 silly ADD
600 silly ADD
601 silly ADD
602 silly ADD
603 silly ADD
604 verbose cwd /Users/tomer/Documents/Tomer/Yuila/yulia-law-landing
605 verbose os Darwin 24.6.0
606 verbose node v18.20.6
607 verbose npm  v10.8.2
608 notice
608 notice New major version of npm available! 10.8.2 -> 11.7.0
608 notice Changelog: https://github.com/npm/cli/releases/tag/v11.7.0
608 notice To update run: npm install -g npm@11.7.0
608 notice  { force: true, [Symbol(proc-log.meta)]: true }
609 verbose exit 0
610 info ok
